2025-11-02 06:14:37.916 +07:00 [INF] User profile is available. Using 'C:\Users\DIKHWAN\AppData\Local\ASP.NET\DataProtection-Keys' as key repository and Windows DPAPI to encrypt keys at rest.
2025-11-02 06:14:38.269 +07:00 [INF] Request starting HTTP/2 GET https://localhost:44341/swagger - null null
2025-11-02 06:14:38.316 +07:00 [INF] Application started. Press Ctrl+C to shut down.
2025-11-02 06:14:38.316 +07:00 [INF] Hosting environment: Development
2025-11-02 06:14:38.316 +07:00 [INF] Content root path: C:\Users\DIKHWAN\source\repos\DJualan.Portal\DJualan.APIServer
2025-11-02 06:14:38.938 +07:00 [INF] Request finished HTTP/2 GET https://localhost:44341/swagger - 301 null null 670.5171ms
2025-11-02 06:14:38.940 +07:00 [INF] Request starting HTTP/2 GET https://localhost:44341/swagger/index.html - null null
2025-11-02 06:14:38.984 +07:00 [INF] Request finished HTTP/2 GET https://localhost:44341/swagger/index.html - 200 null text/html;charset=utf-8 43.9372ms
2025-11-02 06:14:38.987 +07:00 [INF] Request starting HTTP/2 GET https://localhost:44341/swagger/swagger-ui-bundle.js - null null
2025-11-02 06:14:38.987 +07:00 [INF] Request starting HTTP/2 GET https://localhost:44341/swagger/swagger-ui.css - null null
2025-11-02 06:14:38.988 +07:00 [INF] Request starting HTTP/2 GET https://localhost:44341/swagger/swagger-ui-standalone-preset.js - null null
2025-11-02 06:14:38.988 +07:00 [INF] Request starting HTTP/2 GET https://localhost:44341/_framework/aspnetcore-browser-refresh.js - null null
2025-11-02 06:14:38.988 +07:00 [INF] Request starting HTTP/2 GET https://localhost:44341/_vs/browserLink - null null
2025-11-02 06:14:38.992 +07:00 [INF] Request finished HTTP/2 GET https://localhost:44341/_framework/aspnetcore-browser-refresh.js - 200 16519 application/javascript; charset=utf-8 3.4232ms
2025-11-02 06:14:38.999 +07:00 [INF] Sending file. Request path: '/swagger-ui.css'. Physical path: 'N/A'
2025-11-02 06:14:38.999 +07:00 [INF] Sending file. Request path: '/swagger-ui-standalone-preset.js'. Physical path: 'N/A'
2025-11-02 06:14:38.999 +07:00 [INF] Sending file. Request path: '/swagger-ui-bundle.js'. Physical path: 'N/A'
2025-11-02 06:14:39.000 +07:00 [INF] Request finished HTTP/2 GET https://localhost:44341/swagger/swagger-ui.css - 200 152034 text/css 13.2545ms
2025-11-02 06:14:39.002 +07:00 [INF] Request finished HTTP/2 GET https://localhost:44341/swagger/swagger-ui-standalone-preset.js - 200 230280 text/javascript 14.1091ms
2025-11-02 06:14:39.022 +07:00 [INF] Request finished HTTP/2 GET https://localhost:44341/swagger/swagger-ui-bundle.js - 200 1456926 text/javascript 34.9368ms
2025-11-02 06:14:39.025 +07:00 [INF] Request finished HTTP/2 GET https://localhost:44341/_vs/browserLink - 200 null text/javascript; charset=UTF-8 37.1131ms
2025-11-02 06:14:39.133 +07:00 [INF] Request starting HTTP/2 GET https://localhost:44341/swagger/v1/swagger.json - null null
2025-11-02 06:14:39.147 +07:00 [INF] Request finished HTTP/2 GET https://localhost:44341/swagger/v1/swagger.json - 200 null application/json;charset=utf-8 14.4902ms
2025-11-02 06:14:39.150 +07:00 [INF] Request starting HTTP/2 GET https://localhost:44341/swagger/favicon-32x32.png - null null
2025-11-02 06:14:39.151 +07:00 [INF] Sending file. Request path: '/favicon-32x32.png'. Physical path: 'N/A'
2025-11-02 06:14:39.152 +07:00 [INF] Request finished HTTP/2 GET https://localhost:44341/swagger/favicon-32x32.png - 200 628 image/png 1.67ms
2025-11-02 06:14:49.750 +07:00 [INF] Request starting HTTP/2 GET https://localhost:44341/api/Product - null null
2025-11-02 06:14:49.758 +07:00 [INF] Authorization failed. These requirements were not met:
RolesAuthorizationRequirement:User.IsInRole must be true for one of the following roles: (Admin)
2025-11-02 06:14:49.761 +07:00 [INF] AuthenticationScheme: Bearer was challenged.
2025-11-02 06:14:49.761 +07:00 [INF] Request finished HTTP/2 GET https://localhost:44341/api/Product - 401 null null 11.0859ms
2025-11-02 07:57:13.456 +07:00 [INF] Executed DbCommand (9ms) [Parameters=[], CommandType='"Text"', CommandTimeout='30']
SELECT 1
2025-11-02 07:57:13.483 +07:00 [INF] Acquiring an exclusive lock for migration application. See https://aka.ms/efcore-docs-migrations-lock for more information if this takes too long.
2025-11-02 07:57:13.500 +07:00 [INF] Executed DbCommand (15ms) [Parameters=[], CommandType='"Text"', CommandTimeout='30']
DECLARE @result int;
EXEC @result = sp_getapplock @Resource = '__EFMigrationsLock', @LockOwner = 'Session', @LockMode = 'Exclusive';
SELECT @result
2025-11-02 07:57:13.544 +07:00 [INF] Executed DbCommand (7ms) [Parameters=[], CommandType='"Text"', CommandTimeout='30']
IF OBJECT_ID(N'[__EFMigrationsHistory]') IS NULL
BEGIN
    CREATE TABLE [__EFMigrationsHistory] (
        [MigrationId] nvarchar(150) NOT NULL,
        [ProductVersion] nvarchar(32) NOT NULL,
        CONSTRAINT [PK___EFMigrationsHistory] PRIMARY KEY ([MigrationId])
    );
END;
2025-11-02 07:57:13.550 +07:00 [INF] Executed DbCommand (0ms) [Parameters=[], CommandType='"Text"', CommandTimeout='30']
SELECT 1
2025-11-02 07:57:13.550 +07:00 [INF] Executed DbCommand (0ms) [Parameters=[], CommandType='"Text"', CommandTimeout='30']
SELECT OBJECT_ID(N'[__EFMigrationsHistory]');
2025-11-02 07:57:13.556 +07:00 [INF] Executed DbCommand (4ms) [Parameters=[], CommandType='"Text"', CommandTimeout='30']
SELECT [MigrationId], [ProductVersion]
FROM [__EFMigrationsHistory]
ORDER BY [MigrationId];
2025-11-02 07:57:13.561 +07:00 [INF] Applying migration '20251102005354_InitialCreate'.
2025-11-02 07:57:13.573 +07:00 [INF] Executed DbCommand (3ms) [Parameters=[], CommandType='"Text"', CommandTimeout='30']
CREATE TABLE [Products] (
    [Id] int NOT NULL IDENTITY,
    [Name] nvarchar(150) NOT NULL,
    [Description] nvarchar(1000) NULL,
    [Price] decimal(18,2) NOT NULL,
    [Stock] int NOT NULL,
    [ImageUrl] nvarchar(500) NULL,
    [Category] nvarchar(100) NULL,
    [IsActive] bit NOT NULL,
    [CreatedAt] datetime2 NOT NULL,
    [UpdatedAt] datetime2 NULL,
    CONSTRAINT [PK_Products] PRIMARY KEY ([Id])
);
2025-11-02 07:57:13.576 +07:00 [INF] Executed DbCommand (3ms) [Parameters=[], CommandType='"Text"', CommandTimeout='30']
CREATE TABLE [Users] (
    [Id] int NOT NULL IDENTITY,
    [Username] nvarchar(100) NOT NULL,
    [Password] nvarchar(255) NOT NULL,
    [Email] nvarchar(150) NULL,
    [Role] nvarchar(50) NOT NULL,
    [CreatedAt] datetime2 NOT NULL,
    [UpdatedAt] datetime2 NULL,
    [IsActive] bit NOT NULL,
    CONSTRAINT [PK_Users] PRIMARY KEY ([Id])
);
2025-11-02 07:57:13.577 +07:00 [INF] Executed DbCommand (1ms) [Parameters=[], CommandType='"Text"', CommandTimeout='30']
CREATE UNIQUE INDEX [IX_Users_Username] ON [Users] ([Username]);
2025-11-02 07:57:13.579 +07:00 [INF] Executed DbCommand (2ms) [Parameters=[], CommandType='"Text"', CommandTimeout='30']
INSERT INTO [__EFMigrationsHistory] ([MigrationId], [ProductVersion])
VALUES (N'20251102005354_InitialCreate', N'9.0.10');
2025-11-02 07:57:13.584 +07:00 [INF] Executed DbCommand (4ms) [Parameters=[], CommandType='"Text"', CommandTimeout='30']
DECLARE @result int;
EXEC @result = sp_releaseapplock @Resource = '__EFMigrationsLock', @LockOwner = 'Session';
SELECT @result
